# JRE version: OpenJDK Runtime Environment Temurin-21.0.9+10 (21.0.9+10) (build 21.0.9+10-LTS)
# Java VM: OpenJDK 64-Bit Server VM Temurin-21.0.9+10 (21.0.9+10-LTS, mixed mode, sharing, tiered, compressed oops, compressed class ptrs, parallel gc, windows-amd64)
GC Precious Log:
 CardTable entry size: 512
 CPUs: 8 total, 8 available
 Memory: 8106M
 Large Page Support: Disabled
 NUMA Support: Disabled
 Compressed Oops: Enabled (32-bit)
 Alignments: Space 512K, Generation 512K, Heap 2M
 Heap Min Capacity: 100M
 Heap Initial Capacity: 100M
 Heap Max Capacity: 2G
 Pre-touch: Disabled
 Parallel Workers: 8
Heap:
 PSYoungGen      total 5120K, used 4841K [0x00000000d5580000, 0x00000000d5d80000, 0x0000000100000000)
  eden space 3072K, 92% used [0x00000000d5580000,0x00000000d5849c40,0x00000000d5880000)
  from space 2048K, 97% used [0x00000000d5b80000,0x00000000d5d70aa8,0x00000000d5d80000)
  to   space 2560K, 0% used [0x00000000d5880000,0x00000000d5880000,0x00000000d5b00000)
 ParOldGen       total 195072K, used 194678K [0x0000000080000000, 0x000000008be80000, 0x00000000d5580000)
  object space 195072K, 99% used [0x0000000080000000,0x000000008be1db20,0x000000008be80000)
 Metaspace       used 66507K, committed 67904K, reserved 1114112K
  class space    used 7024K, committed 7616K, reserved 1048576K
GC Heap History (20 events):
Event: 604.950 GC heap before
{Heap before GC invocations=86 (full 3):
 PSYoungGen      total 11264K, used 11065K [0x00000000d5580000, 0x00000000d6a00000, 0x0000000100000000)
  eden space 5632K, 97% used [0x00000000d5580000,0x00000000d5ad65a0,0x00000000d5b00000)
  from space 5632K, 99% used [0x00000000d6480000,0x00000000d69f8000,0x00000000d6a00000)
  to   space 6656K, 0% used [0x00000000d5d00000,0x00000000d5d00000,0x00000000d6380000)
 ParOldGen       total 175104K, used 175000K [0x0000000080000000, 0x000000008ab00000, 0x00000000d5580000)
  object space 175104K, 99% used [0x0000000080000000,0x000000008aae6228,0x000000008ab00000)
 Metaspace       used 65898K, committed 67328K, reserved 1114112K
  class space    used 6958K, committed 7552K, reserved 1048576K
}
Event: 604.962 GC heap after
{Heap after GC invocations=86 (full 3):
 PSYoungGen      total 9728K, used 3621K [0x00000000d5580000, 0x00000000d6500000, 0x0000000100000000)
  eden space 5632K, 0% used [0x00000000d5580000,0x00000000d5580000,0x00000000d5b00000)
  from space 4096K, 88% used [0x00000000d5d00000,0x00000000d6089798,0x00000000d6100000)
  to   space 4096K, 0% used [0x00000000d6100000,0x00000000d6100000,0x00000000d6500000)
 ParOldGen       total 180736K, used 180312K [0x0000000080000000, 0x000000008b080000, 0x00000000d5580000)
  object space 180736K, 99% used [0x0000000080000000,0x000000008b016228,0x000000008b080000)
 Metaspace       used 65898K, committed 67328K, reserved 1114112K
  class space    used 6958K, committed 7552K, reserved 1048576K
}
Event: 605.058 GC heap before
{Heap before GC invocations=87 (full 3):
 PSYoungGen      total 9728K, used 9253K [0x00000000d5580000, 0x00000000d6500000, 0x0000000100000000)
  eden space 5632K, 100% used [0x00000000d5580000,0x00000000d5b00000,0x00000000d5b00000)
  from space 4096K, 88% used [0x00000000d5d00000,0x00000000d6089798,0x00000000d6100000)
  to   space 4096K, 0% used [0x00000000d6100000,0x00000000d6100000,0x00000000d6500000)
 ParOldGen       total 180736K, used 180312K [0x0000000080000000, 0x000000008b080000, 0x00000000d5580000)
  object space 180736K, 99% used [0x0000000080000000,0x000000008b016228,0x000000008b080000)
 Metaspace       used 65899K, committed 67328K, reserved 1114112K
  class space    used 6958K, committed 7552K, reserved 1048576K
}
Event: 605.064 GC heap after
{Heap after GC invocations=87 (full 3):
 PSYoungGen      total 7168K, used 4089K [0x00000000d5580000, 0x00000000d6c00000, 0x0000000100000000)
  eden space 3072K, 0% used [0x00000000d5580000,0x00000000d5580000,0x00000000d5880000)
  from space 4096K, 99% used [0x00000000d6100000,0x00000000d64fe6d0,0x00000000d6500000)
  to   space 8704K, 0% used [0x00000000d5880000,0x00000000d5880000,0x00000000d6100000)
 ParOldGen       total 184320K, used 184142K [0x0000000080000000, 0x000000008b400000, 0x00000000d5580000)
  object space 184320K, 99% used [0x0000000080000000,0x000000008b3d3898,0x000000008b400000)
 Metaspace       used 65899K, committed 67328K, reserved 1114112K
  class space    used 6958K, committed 7552K, reserved 1048576K
}
Event: 605.145 GC heap before
{Heap before GC invocations=88 (full 3):
 PSYoungGen      total 7168K, used 7153K [0x00000000d5580000, 0x00000000d6c00000, 0x0000000100000000)
  eden space 3072K, 99% used [0x00000000d5580000,0x00000000d587dfb8,0x00000000d5880000)
  from space 4096K, 99% used [0x00000000d6100000,0x00000000d64fe6d0,0x00000000d6500000)
  to   space 8704K, 0% used [0x00000000d5880000,0x00000000d5880000,0x00000000d6100000)
 ParOldGen       total 184320K, used 184142K [0x0000000080000000, 0x000000008b400000, 0x00000000d5580000)
  object space 184320K, 99% used [0x0000000080000000,0x000000008b3d3898,0x000000008b400000)
 Metaspace       used 65921K, committed 67328K, reserved 1114112K
  class space    used 6958K, committed 7552K, reserved 1048576K
}
Event: 605.154 GC heap after
{Heap after GC invocations=88 (full 3):
 PSYoungGen      total 4608K, used 1511K [0x00000000d5580000, 0x00000000d6180000, 0x0000000100000000)
  eden space 3072K, 0% used [0x00000000d5580000,0x00000000d5580000,0x00000000d5880000)
  from space 1536K, 98% used [0x00000000d5880000,0x00000000d59f9fa0,0x00000000d5a00000)
  to   space 4096K, 0% used [0x00000000d5d80000,0x00000000d5d80000,0x00000000d6180000)
 ParOldGen       total 188416K, used 188176K [0x0000000080000000, 0x000000008b800000, 0x00000000d5580000)
  object space 188416K, 99% used [0x0000000080000000,0x000000008b7c4188,0x000000008b800000)
 Metaspace       used 65921K, committed 67328K, reserved 1114112K
  class space    used 6958K, committed 7552K, reserved 1048576K
}
Event: 834.018 GC heap before
{Heap before GC invocations=89 (full 3):
 PSYoungGen      total 4608K, used 4583K [0x00000000d5580000, 0x00000000d6180000, 0x0000000100000000)
  eden space 3072K, 100% used [0x00000000d5580000,0x00000000d5880000,0x00000000d5880000)
  from space 1536K, 98% used [0x00000000d5880000,0x00000000d59f9fa0,0x00000000d5a00000)
  to   space 4096K, 0% used [0x00000000d5d80000,0x00000000d5d80000,0x00000000d6180000)
 ParOldGen       total 188416K, used 188176K [0x0000000080000000, 0x000000008b800000, 0x00000000d5580000)
  object space 188416K, 99% used [0x0000000080000000,0x000000008b7c4188,0x000000008b800000)
 Metaspace       used 65968K, committed 67392K, reserved 1114112K
  class space    used 6958K, committed 7552K, reserved 1048576K
}
Event: 834.085 GC heap after
{Heap after GC invocations=89 (full 3):
 PSYoungGen      total 3584K, used 512K [0x00000000d5580000, 0x00000000d5e00000, 0x0000000100000000)
  eden space 3072K, 0% used [0x00000000d5580000,0x00000000d5580000,0x00000000d5880000)
  from space 512K, 100% used [0x00000000d5d80000,0x00000000d5e00000,0x00000000d5e00000)
  to   space 1536K, 0% used [0x00000000d5b00000,0x00000000d5b00000,0x00000000d5c80000)
 ParOldGen       total 189440K, used 189031K [0x0000000080000000, 0x000000008b900000, 0x00000000d5580000)
  object space 189440K, 99% used [0x0000000080000000,0x000000008b899ec0,0x000000008b900000)
 Metaspace       used 65968K, committed 67392K, reserved 1114112K
  class space    used 6958K, committed 7552K, reserved 1048576K
}
Event: 3483.407 GC heap before
{Heap before GC invocations=90 (full 3):
 PSYoungGen      total 3584K, used 3583K [0x00000000d5580000, 0x00000000d5e00000, 0x0000000100000000)
  eden space 3072K, 99% used [0x00000000d5580000,0x00000000d587ffe8,0x00000000d5880000)
  from space 512K, 100% used [0x00000000d5d80000,0x00000000d5e00000,0x00000000d5e00000)
  to   space 1536K, 0% used [0x00000000d5b00000,0x00000000d5b00000,0x00000000d5c80000)
 ParOldGen       total 189440K, used 189031K [0x0000000080000000, 0x000000008b900000, 0x00000000d5580000)
  object space 189440K, 99% used [0x0000000080000000,0x000000008b899ec0,0x000000008b900000)
 Metaspace       used 66024K, committed 67456K, reserved 1114112K
  class space    used 6958K, committed 7552K, reserved 1048576K
}
Event: 3483.499 GC heap after
{Heap after GC invocations=90 (full 3):
 PSYoungGen      total 4608K, used 320K [0x00000000d5580000, 0x00000000d5e00000, 0x0000000100000000)
  eden space 3072K, 0% used [0x00000000d5580000,0x00000000d5580000,0x00000000d5880000)
  from space 1536K, 20% used [0x00000000d5b00000,0x00000000d5b50020,0x00000000d5c80000)
  to   space 512K, 0% used [0x00000000d5d80000,0x00000000d5d80000,0x00000000d5e00000)
 ParOldGen       total 189440K, used 189418K [0x0000000080000000, 0x000000008b900000, 0x00000000d5580000)
  object space 189440K, 99% used [0x0000000080000000,0x000000008b8fabd0,0x000000008b900000)
 Metaspace       used 66024K, committed 67456K, reserved 1114112K
  class space    used 6958K, committed 7552K, reserved 1048576K
}
Event: 3798.305 GC heap before
{Heap before GC invocations=91 (full 3):
 PSYoungGen      total 4608K, used 3384K [0x00000000d5580000, 0x00000000d5e00000, 0x0000000100000000)
  eden space 3072K, 99% used [0x00000000d5580000,0x00000000d587e058,0x00000000d5880000)
  from space 1536K, 20% used [0x00000000d5b00000,0x00000000d5b50020,0x00000000d5c80000)
  to   space 512K, 0% used [0x00000000d5d80000,0x00000000d5d80000,0x00000000d5e00000)
 ParOldGen       total 189440K, used 189418K [0x0000000080000000, 0x000000008b900000, 0x00000000d5580000)
  object space 189440K, 99% used [0x0000000080000000,0x000000008b8fabd0,0x000000008b900000)
 Metaspace       used 66165K, committed 67648K, reserved 1114112K
  class space    used 6976K, committed 7616K, reserved 1048576K
}
Event: 3798.337 GC heap after
{Heap after GC invocations=91 (full 3):
 PSYoungGen      total 3584K, used 288K [0x00000000d5580000, 0x00000000d5e00000, 0x0000000100000000)
  eden space 3072K, 0% used [0x00000000d5580000,0x00000000d5580000,0x00000000d5880000)
  from space 512K, 56% used [0x00000000d5d80000,0x00000000d5dc8020,0x00000000d5e00000)
  to   space 512K, 0% used [0x00000000d5d00000,0x00000000d5d00000,0x00000000d5d80000)
 ParOldGen       total 189952K, used 189587K [0x0000000080000000, 0x000000008b980000, 0x00000000d5580000)
  object space 189952K, 99% used [0x0000000080000000,0x000000008b924c00,0x000000008b980000)
 Metaspace       used 66165K, committed 67648K, reserved 1114112K
  class space    used 6976K, committed 7616K, reserved 1048576K
}
Event: 3798.763 GC heap before
{Heap before GC invocations=92 (full 3):
 PSYoungGen      total 3584K, used 3360K [0x00000000d5580000, 0x00000000d5e00000, 0x0000000100000000)
  eden space 3072K, 100% used [0x00000000d5580000,0x00000000d5880000,0x00000000d5880000)
  from space 512K, 56% used [0x00000000d5d80000,0x00000000d5dc8020,0x00000000d5e00000)
  to   space 512K, 0% used [0x00000000d5d00000,0x00000000d5d00000,0x00000000d5d80000)
 ParOldGen       total 189952K, used 189587K [0x0000000080000000, 0x000000008b980000, 0x00000000d5580000)
  object space 189952K, 99% used [0x0000000080000000,0x000000008b924c00,0x000000008b980000)
 Metaspace       used 66373K, committed 67840K, reserved 1114112K
  class space    used 6995K, committed 7616K, reserved 1048576K
}
Event: 3798.769 GC heap after
{Heap after GC invocations=92 (full 3):
 PSYoungGen      total 3584K, used 378K [0x00000000d5580000, 0x00000000d5e00000, 0x0000000100000000)
  eden space 3072K, 0% used [0x00000000d5580000,0x00000000d5580000,0x00000000d5880000)
  from space 512K, 73% used [0x00000000d5d00000,0x00000000d5d5e900,0x00000000d5d80000)
  to   space 512K, 0% used [0x00000000d5d80000,0x00000000d5d80000,0x00000000d5e00000)
 ParOldGen       total 189952K, used 189723K [0x0000000080000000, 0x000000008b980000, 0x00000000d5580000)
  object space 189952K, 99% used [0x0000000080000000,0x000000008b946c20,0x000000008b980000)
 Metaspace       used 66373K, committed 67840K, reserved 1114112K
  class space    used 6995K, committed 7616K, reserved 1048576K
}
Event: 3798.949 GC heap before
{Heap before GC invocations=93 (full 3):
 PSYoungGen      total 3584K, used 3450K [0x00000000d5580000, 0x00000000d5e00000, 0x0000000100000000)
  eden space 3072K, 100% used [0x00000000d5580000,0x00000000d5880000,0x00000000d5880000)
  from space 512K, 73% used [0x00000000d5d00000,0x00000000d5d5e900,0x00000000d5d80000)
  to   space 512K, 0% used [0x00000000d5d80000,0x00000000d5d80000,0x00000000d5e00000)
 ParOldGen       total 189952K, used 189723K [0x0000000080000000, 0x000000008b980000, 0x00000000d5580000)
  object space 189952K, 99% used [0x0000000080000000,0x000000008b946c20,0x000000008b980000)
 Metaspace       used 66383K, committed 67840K, reserved 1114112K
  class space    used 6995K, committed 7616K, reserved 1048576K
}
Event: 3798.958 GC heap after
{Heap after GC invocations=93 (full 3):
 PSYoungGen      total 3584K, used 480K [0x00000000d5580000, 0x00000000d5e80000, 0x0000000100000000)
  eden space 3072K, 0% used [0x00000000d5580000,0x00000000d5580000,0x00000000d5880000)
  from space 512K, 93% used [0x00000000d5d80000,0x00000000d5df80d0,0x00000000d5e00000)
  to   space 3072K, 0% used [0x00000000d5880000,0x00000000d5880000,0x00000000d5b80000)
 ParOldGen       total 192000K, used 191866K [0x0000000080000000, 0x000000008bb80000, 0x00000000d5580000)
  object space 192000K, 99% used [0x0000000080000000,0x000000008bb5eba8,0x000000008bb80000)
 Metaspace       used 66383K, committed 67840K, reserved 1114112K
  class space    used 6995K, committed 7616K, reserved 1048576K
}
Event: 3799.300 GC heap before
{Heap before GC invocations=94 (full 3):
 PSYoungGen      total 3584K, used 3552K [0x00000000d5580000, 0x00000000d5e80000, 0x0000000100000000)
  eden space 3072K, 100% used [0x00000000d5580000,0x00000000d5880000,0x00000000d5880000)
  from space 512K, 93% used [0x00000000d5d80000,0x00000000d5df80d0,0x00000000d5e00000)
  to   space 3072K, 0% used [0x00000000d5880000,0x00000000d5880000,0x00000000d5b80000)
 ParOldGen       total 192000K, used 191866K [0x0000000080000000, 0x000000008bb80000, 0x00000000d5580000)
  object space 192000K, 99% used [0x0000000080000000,0x000000008bb5eba8,0x000000008bb80000)
 Metaspace       used 66383K, committed 67840K, reserved 1114112K
  class space    used 6995K, committed 7616K, reserved 1048576K
}
Event: 3799.310 GC heap after
{Heap after GC invocations=94 (full 3):
 PSYoungGen      total 6144K, used 2474K [0x00000000d5580000, 0x00000000d5e00000, 0x0000000100000000)
  eden space 3072K, 0% used [0x00000000d5580000,0x00000000d5580000,0x00000000d5880000)
  from space 3072K, 80% used [0x00000000d5880000,0x00000000d5aea940,0x00000000d5b80000)
  to   space 2560K, 0% used [0x00000000d5b80000,0x00000000d5b80000,0x00000000d5e00000)
 ParOldGen       total 192512K, used 192373K [0x0000000080000000, 0x000000008bc00000, 0x00000000d5580000)
  object space 192512K, 99% used [0x0000000080000000,0x000000008bbdd720,0x000000008bc00000)
 Metaspace       used 66383K, committed 67840K, reserved 1114112K
  class space    used 6995K, committed 7616K, reserved 1048576K
}
Event: 3800.093 GC heap before
{Heap before GC invocations=95 (full 3):
 PSYoungGen      total 6144K, used 5546K [0x00000000d5580000, 0x00000000d5e00000, 0x0000000100000000)
  eden space 3072K, 100% used [0x00000000d5580000,0x00000000d5880000,0x00000000d5880000)
  from space 3072K, 80% used [0x00000000d5880000,0x00000000d5aea940,0x00000000d5b80000)
  to   space 2560K, 0% used [0x00000000d5b80000,0x00000000d5b80000,0x00000000d5e00000)
 ParOldGen       total 192512K, used 192373K [0x0000000080000000, 0x000000008bc00000, 0x00000000d5580000)
  object space 192512K, 99% used [0x0000000080000000,0x000000008bbdd720,0x000000008bc00000)
 Metaspace       used 66484K, committed 67904K, reserved 1114112K
  class space    used 7022K, committed 7616K, reserved 1048576K
}
Event: 3800.110 GC heap after
{Heap after GC invocations=95 (full 3):
 PSYoungGen      total 5120K, used 1986K [0x00000000d5580000, 0x00000000d5d80000, 0x0000000100000000)
  eden space 3072K, 0% used [0x00000000d5580000,0x00000000d5580000,0x00000000d5880000)
  from space 2048K, 97% used [0x00000000d5b80000,0x00000000d5d70aa8,0x00000000d5d80000)
  to   space 2560K, 0% used [0x00000000d5880000,0x00000000d5880000,0x00000000d5b00000)
 ParOldGen       total 195072K, used 194678K [0x0000000080000000, 0x000000008be80000, 0x00000000d5580000)
  object space 195072K, 99% used [0x0000000080000000,0x000000008be1db20,0x000000008be80000)
 Metaspace       used 66484K, committed 67904K, reserved 1114112K
  class space    used 7022K, committed 7616K, reserved 1048576K
}

